TN:
SF:src/encrypt.ts
FN:12,encrypt
FN:19,decrypt
FN:26,generateIv
FNF:3
FNH:0
FNDA:0,encrypt
FNDA:0,decrypt
FNDA:0,generateIv
DA:1,1
DA:2,1
DA:3,1
DA:4,1
DA:5,1
DA:6,1
DA:7,1
DA:8,1
DA:9,1
DA:10,1
DA:11,1
DA:12,1
DA:13,0
DA:14,0
DA:15,0
DA:16,0
DA:17,0
DA:18,1
DA:19,1
DA:20,0
DA:21,0
DA:22,0
DA:23,0
DA:24,0
DA:25,1
DA:26,1
DA:27,0
DA:28,0
LF:28
LH:16
BRF:0
BRH:0
end_of_record
TN:
SF:src/schema/shared/responses.ts
FN:8,<instance_members_initializer>
FN:14,GenericErrorResponse
FNF:2
FNH:2
FNDA:4,<instance_members_initializer>
FNDA:4,GenericErrorResponse
DA:1,1
DA:2,1
DA:3,1
DA:4,1
DA:5,1
DA:6,1
DA:7,1
DA:8,1
DA:9,1
DA:10,1
DA:11,1
DA:12,1
DA:13,1
DA:14,1
DA:15,4
DA:16,4
DA:17,4
DA:18,4
DA:19,4
DA:20,1
LF:20
LH:20
BRDA:8,0,0,4
BRDA:14,1,0,4
BRF:2
BRH:2
end_of_record
TN:
SF:src/schema/user/resolver/mutation.ts
FN:11,createUser
FN:29,loginUser
FNF:2
FNH:1
FNDA:3,createUser
FNDA:0,loginUser
DA:1,1
DA:2,1
DA:3,1
DA:4,1
DA:5,1
DA:6,1
DA:7,1
DA:8,1
DA:9,1
DA:10,1
DA:11,1
DA:12,3
DA:13,3
DA:14,3
DA:15,3
DA:16,3
DA:17,1
DA:18,1
DA:19,2
DA:20,3
DA:21,1
DA:22,1
DA:23,1
DA:24,1
DA:25,1
DA:26,1
DA:27,1
DA:28,3
DA:29,1
DA:30,0
DA:31,0
DA:32,0
DA:33,0
DA:34,0
DA:35,0
DA:36,0
DA:37,0
DA:38,0
DA:39,0
DA:40,0
DA:41,0
DA:42,0
DA:43,0
DA:44,0
DA:45,1
DA:46,1
DA:47,1
LF:47
LH:32
BRDA:11,0,0,3
BRDA:16,1,0,1
BRDA:19,2,0,2
BRDA:20,3,0,1
BRF:4
BRH:4
end_of_record
